------------------------------- 开始--------------------------------------
--------------------------2018-01-18 12:00:00-----------------------------
时间：2018/01/18 12:00:00
异常信息：未将对象引用设置到对象的实例。
异常对象：WeChat.API
调用堆栈：   在 WeChat.API.Dao.SqLiteHelper.ExecuteScalar(String sql) 位置 C:\Users\yuanj\Source\Repos\WeChat\WeChat.API\Dao\SqLiteHelper.cs:行号 296
   在 WeChat.API.Dao.MessageDao.UpdateTable(SqLiteHelper db) 位置 C:\Users\yuanj\Source\Repos\WeChat\WeChat.API\Dao\MessageDao.cs:行号 109
   在 WeChat.API.Dao.DaoSession.UpdateDB() 位置 C:\Users\yuanj\Source\Repos\WeChat\WeChat.API\Dao\DaoSession.cs:行号 70
   在 WeChat.API.Dao.DaoSession.InitDataBase(Int32 version) 位置 C:\Users\yuanj\Source\Repos\WeChat\WeChat.API\Dao\DaoSession.cs:行号 52
   在 WeChat.API.Dao.DaoSession..ctor(String connectionString, Int32 version) 位置 C:\Users\yuanj\Source\Repos\WeChat\WeChat.API\Dao\DaoSession.cs:行号 28
   在 WeChat.API.Dao.DaoMaster.newSession(String name) 位置 C:\Users\yuanj\Source\Repos\WeChat\WeChat.API\Dao\DaoMaster.cs:行号 30
   在 WeChat.MainForm.Api_OnGetUser(WechatAPIService sender, GetUserEvent e) 位置 C:\Users\yuanj\Source\Repos\WeChat\WeChat\MainForm.cs:行号 117
   在 WeChat.API.WechatAPIService.HandleInit() 位置 C:\Users\yuanj\Source\Repos\WeChat\WeChat.API\WeService\WechatAPIService.cs:行号 248
   在 WeChat.API.WechatAPIService.HandleStatus() 位置 C:\Users\yuanj\Source\Repos\WeChat\WeChat.API\WeService\WechatAPIService.cs:行号 186
   在 WeChat.API.WechatAPIService.MainLoop() 位置 C:\Users\yuanj\Source\Repos\WeChat\WeChat.API\WeService\WechatAPIService.cs:行号 165
   在 System.Threading.ThreadHelper.ThreadStart_Context(Object state)
   在 System.Threading.ExecutionContext.RunInternal(ExecutionContext executionContext, ContextCallback callback, Object state, Boolean preserveSyncCtx)
   在 System.Threading.ExecutionContext.Run(ExecutionContext executionContext, ContextCallback callback, Object state, Boolean preserveSyncCtx)
   在 System.Threading.ExecutionContext.Run(ExecutionContext executionContext, ContextCallback callback, Object state)
   在 System.Threading.ThreadHelper.ThreadStart()
触发方法：Int32 ExecuteScalar(System.String)
--------------------------------结束--------------------------------------

------------------------------- 开始--------------------------------------
--------------------------2018-01-18 12:01:34-----------------------------
时间：2018/01/18 12:01:34
异常信息：SQL logic error or missing database
no such table: T_Message
异常对象：System.Data.SQLite
调用堆栈：   在 System.Data.SQLite.SQLite3.Prepare(SQLiteConnection cnn, String strSql, SQLiteStatement previous, UInt32 timeoutMS, String& strRemain)
   在 System.Data.SQLite.SQLiteCommand.BuildNextCommand()
   在 System.Data.SQLite.SQLiteCommand.GetStatement(Int32 index)
   在 System.Data.SQLite.SQLiteDataReader.NextResult()
   在 System.Data.SQLite.SQLiteDataReader..ctor(SQLiteCommand cmd, CommandBehavior behave)
   在 System.Data.SQLite.SQLiteCommand.ExecuteReader(CommandBehavior behavior)
   在 System.Data.SQLite.SQLiteCommand.ExecuteScalar(CommandBehavior behavior)
   在 System.Data.SQLite.SQLiteCommand.ExecuteScalar()
   在 WeChat.API.Dao.SqLiteHelper.ExecuteScalar(String sql) 位置 C:\Users\yuanj\Source\Repos\WeChat\WeChat.API\Dao\SqLiteHelper.cs:行号 295
   在 WeChat.API.Dao.MessageDao.UpdateTable(SqLiteHelper db) 位置 C:\Users\yuanj\Source\Repos\WeChat\WeChat.API\Dao\MessageDao.cs:行号 109
   在 WeChat.API.Dao.DaoSession.UpdateDB() 位置 C:\Users\yuanj\Source\Repos\WeChat\WeChat.API\Dao\DaoSession.cs:行号 70
   在 WeChat.API.Dao.DaoSession.InitDataBase(Int32 version) 位置 C:\Users\yuanj\Source\Repos\WeChat\WeChat.API\Dao\DaoSession.cs:行号 52
   在 WeChat.API.Dao.DaoSession..ctor(String connectionString, Int32 version) 位置 C:\Users\yuanj\Source\Repos\WeChat\WeChat.API\Dao\DaoSession.cs:行号 28
   在 WeChat.API.Dao.DaoMaster.newSession(String name) 位置 C:\Users\yuanj\Source\Repos\WeChat\WeChat.API\Dao\DaoMaster.cs:行号 30
   在 WeChat.MainForm.Api_OnGetUser(WechatAPIService sender, GetUserEvent e) 位置 C:\Users\yuanj\Source\Repos\WeChat\WeChat\MainForm.cs:行号 117
   在 WeChat.API.WechatAPIService.HandleInit() 位置 C:\Users\yuanj\Source\Repos\WeChat\WeChat.API\WeService\WechatAPIService.cs:行号 248
   在 WeChat.API.WechatAPIService.HandleStatus() 位置 C:\Users\yuanj\Source\Repos\WeChat\WeChat.API\WeService\WechatAPIService.cs:行号 186
   在 WeChat.API.WechatAPIService.MainLoop() 位置 C:\Users\yuanj\Source\Repos\WeChat\WeChat.API\WeService\WechatAPIService.cs:行号 165
   在 System.Threading.ThreadHelper.ThreadStart_Context(Object state)
   在 System.Threading.ExecutionContext.RunInternal(ExecutionContext executionContext, ContextCallback callback, Object state, Boolean preserveSyncCtx)
   在 System.Threading.ExecutionContext.Run(ExecutionContext executionContext, ContextCallback callback, Object state, Boolean preserveSyncCtx)
   在 System.Threading.ExecutionContext.Run(ExecutionContext executionContext, ContextCallback callback, Object state)
   在 System.Threading.ThreadHelper.ThreadStart()
触发方法：System.Data.SQLite.SQLiteStatement Prepare(System.Data.SQLite.SQLiteConnection, System.String, System.Data.SQLite.SQLiteStatement, UInt32, System.String ByRef)
--------------------------------结束--------------------------------------

------------------------------- 开始--------------------------------------
--------------------------2018-01-18 12:03:52-----------------------------
class SqLiteHelper:::constraint failed
UNIQUE constraint failed: T_Message.ID
--------------------------------结束--------------------------------------

------------------------------- 开始--------------------------------------
--------------------------2018-01-18 12:33:39-----------------------------
class SqLiteHelper:::datatype mismatch
datatype mismatch
--------------------------------结束--------------------------------------

