------------------------------- 开始--------------------------------------
--------------------------2018-01-16 15:15:10-----------------------------
时间：2018/01/16 15:15:10
异常信息：未将对象引用设置到对象的实例。
异常对象：WeChat
调用堆栈：   在 WeChat.MainForm.UpdateMessage(Object state) 位置 C:\Users\yuanj\Source\Repos\WeChat\WeChat\MainForm.cs:行号 254
触发方法：Void UpdateMessage(System.Object)
--------------------------------结束--------------------------------------

------------------------------- 开始--------------------------------------
--------------------------2018-01-16 15:23:24-----------------------------
时间：2018/01/16 15:23:24
异常信息：未将对象引用设置到对象的实例。
异常对象：WeChat
调用堆栈：   在 WeChat.MainForm.UpdateMessage(Object state) 位置 C:\Users\yuanj\Source\Repos\WeChat\WeChat\MainForm.cs:行号 260
触发方法：Void UpdateMessage(System.Object)
--------------------------------结束--------------------------------------

------------------------------- 开始--------------------------------------
--------------------------2018-01-16 15:24:34-----------------------------
时间：2018/01/16 15:24:34
异常信息：未将对象引用设置到对象的实例。
异常对象：WeChat
调用堆栈：   在 WeChat.MainForm.UpdateMessage(Object state) 位置 C:\Users\yuanj\Source\Repos\WeChat\WeChat\MainForm.cs:行号 258
触发方法：Void UpdateMessage(System.Object)
--------------------------------结束--------------------------------------

------------------------------- 开始--------------------------------------
--------------------------2018-01-16 15:25:04-----------------------------
时间：2018/01/16 15:25:04
异常信息：未将对象引用设置到对象的实例。
异常对象：WeChat
调用堆栈：   在 WeChat.MainForm.UpdateMessage(Object state) 位置 C:\Users\yuanj\Source\Repos\WeChat\WeChat\MainForm.cs:行号 258
触发方法：Void UpdateMessage(System.Object)
--------------------------------结束--------------------------------------

------------------------------- 开始--------------------------------------
--------------------------2018-01-16 15:26:40-----------------------------
时间：2018/01/16 15:26:40
异常信息：未将对象引用设置到对象的实例。
异常对象：WeChat
调用堆栈：   在 WeChat.MainForm.UpdateMessage(Object state) 位置 C:\Users\yuanj\Source\Repos\WeChat\WeChat\MainForm.cs:行号 258
触发方法：Void UpdateMessage(System.Object)
--------------------------------结束--------------------------------------

------------------------------- 开始--------------------------------------
--------------------------2018-01-16 15:26:57-----------------------------
时间：2018/01/16 15:26:57
异常信息：未将对象引用设置到对象的实例。
异常对象：WeChat
调用堆栈：   在 WeChat.MainForm.UpdateMessage(Object state) 位置 C:\Users\yuanj\Source\Repos\WeChat\WeChat\MainForm.cs:行号 260
触发方法：Void UpdateMessage(System.Object)
--------------------------------结束--------------------------------------

------------------------------- 开始--------------------------------------
--------------------------2018-01-16 15:29:16-----------------------------
时间：2018/01/16 15:29:16
异常信息：未将对象引用设置到对象的实例。
异常对象：WeChat
调用堆栈：   在 WeChat.MainForm.UpdateMessage(Object state) 位置 C:\Users\yuanj\Source\Repos\WeChat\WeChat\MainForm.cs:行号 260
触发方法：Void UpdateMessage(System.Object)
--------------------------------结束--------------------------------------

------------------------------- 开始--------------------------------------
--------------------------2018-01-16 15:29:58-----------------------------
时间：2018/01/16 15:29:58
异常信息：未将对象引用设置到对象的实例。
异常对象：WeChat
调用堆栈：   在 WeChat.MainForm.UpdateMessage(Object state) 位置 C:\Users\yuanj\Source\Repos\WeChat\WeChat\MainForm.cs:行号 260
触发方法：Void UpdateMessage(System.Object)
--------------------------------结束--------------------------------------

------------------------------- 开始--------------------------------------
--------------------------2018-01-16 15:31:30-----------------------------
时间：2018/01/16 15:31:30
异常信息：未将对象引用设置到对象的实例。
异常对象：WeChat
调用堆栈：   在 WeChat.MainForm.UpdateMessage(Object state) 位置 C:\Users\yuanj\Source\Repos\WeChat\WeChat\MainForm.cs:行号 256
触发方法：Void UpdateMessage(System.Object)
--------------------------------结束--------------------------------------

------------------------------- 开始--------------------------------------
--------------------------2018-01-16 16:15:23-----------------------------
时间：2018/01/16 16:15:23
异常信息：未将对象引用设置到对象的实例。
异常对象：WeChat
调用堆栈：   在 WeChat.MainForm.UpdateMessage(Object state) 位置 C:\Users\yuanj\Source\Repos\WeChat\WeChat\MainForm.cs:行号 253
触发方法：Void UpdateMessage(System.Object)
--------------------------------结束--------------------------------------

------------------------------- 开始--------------------------------------
--------------------------2018-01-16 16:16:11-----------------------------
时间：2018/01/16 16:16:11
异常信息：未将对象引用设置到对象的实例。
异常对象：WeChat
调用堆栈：   在 WeChat.MainForm.UpdateMessage(Object state) 位置 C:\Users\yuanj\Source\Repos\WeChat\WeChat\MainForm.cs:行号 253
触发方法：Void UpdateMessage(System.Object)
--------------------------------结束--------------------------------------

------------------------------- 开始--------------------------------------
--------------------------2018-01-16 16:25:05-----------------------------
时间：2018/01/16 16:25:05
异常信息：值不能为 null。
参数名: path
异常对象：mscorlib
调用堆栈：   在 System.IO.Path.GetFullPathInternal(String path)
   在 System.IO.Path.GetFullPath(String path)
   在 System.Drawing.IntSecurity.UnsafeGetFullPath(String fileName)
   在 System.Drawing.IntSecurity.DemandReadFileIO(String fileName)
   在 System.Drawing.Image.FromFile(String filename, Boolean useEmbeddedColorManagement)
   在 System.Drawing.Image.FromFile(String filename)
   在 WeChat.ListAdapter.ClownHolder.DrawItem(String path, ViewHolder holder, Graphics g, Boolean IsSend) 位置 C:\Users\yuanj\Source\Repos\WeChat\WeChat\ListAdapter\ClownHolder.cs:行号 22
   在 WeChat.ListAdapter.MessageAdapter.GetView(Int32 position, ViewHolder holder, Graphics g) 位置 C:\Users\yuanj\Source\Repos\WeChat\WeChat\ListAdapter\MessageAdapter.cs:行号 60
   在 WinForm.UI.Controls.FListView.DrawColumn(Graphics g)
   在 WinForm.UI.Controls.FListView.OnPaint(PaintEventArgs e)
   在 System.Windows.Forms.Control.PaintWithErrorHandling(PaintEventArgs e, Int16 layer)
   在 System.Windows.Forms.Control.WmPaint(Message& m)
   在 System.Windows.Forms.Control.WndProc(Message& m)
   在 System.Windows.Forms.Control.ControlNativeWindow.OnMessage(Message& m)
   在 System.Windows.Forms.Control.ControlNativeWindow.WndProc(Message& m)
   在 System.Windows.Forms.NativeWindow.Callback(IntPtr hWnd, Int32 msg, IntPtr wparam, IntPtr lparam)
触发方法：System.String GetFullPathInternal(System.String)
--------------------------------结束--------------------------------------

